{
  "stats": {
    "suites": 1,
    "tests": 2,
    "passes": 2,
    "pending": 0,
    "failures": 0,
    "start": "2020-11-17T10:26:43.241Z",
    "end": "2020-11-17T10:27:03.948Z",
    "duration": 20707,
    "testsRegistered": 2,
    "passPercent": 100,
    "pendingPercent": 0,
    "other": 0,
    "hasOther": false,
    "skipped": 0,
    "hasSkipped": false
  },
  "results": [
    {
      "uuid": "b70e6a10-6422-4635-bcb9-4bca44444687",
      "title": "",
      "fullFile": "cypress/integration/specs/SignupGiftcard.test.spec.js",
      "file": "cypress/integration/specs/SignupGiftcard.test.spec.js",
      "beforeHooks": [],
      "afterHooks": [],
      "tests": [],
      "suites": [
        {
          "uuid": "6579ecd4-804d-4dca-8167-7bbe34bdd2e0",
          "title": "Amazon Tests - SignUp & GiftCard balance check",
          "fullFile": "",
          "file": "",
          "beforeHooks": [],
          "afterHooks": [],
          "tests": [
            {
              "title": "Amazon Signup",
              "fullTitle": "Amazon Tests - SignUp & GiftCard balance check Amazon Signup",
              "timedOut": null,
              "duration": 7551,
              "state": "passed",
              "speed": "slow",
              "pass": true,
              "fail": false,
              "pending": false,
              "context": null,
              "code": "context('Signup Amazon Tests - Gift Card', function () {\n  // Clicking on Account Menu Item to display hidden element\n  cy.get('#nav-link-accountList').trigger('mouseover'); //click on the hidden element Start Here\n  cy.get('#nav-flyout-ya-newCust > a').should('visible');\n  cy.get('#nav-flyout-ya-newCust > a').click(); //Create account,Fill in the create-account form with full name, email and password\n  cy.get('#ap_customer_name').should('visible');\n  cy.get('#ap_customer_name').click().type('Test Amazon');\n  cy.get('#ap_email').should('visible');\n  cy.get('#ap_email').click().type('testmaileve@gmail.com');\n  cy.get('#ap_password').should('visible');\n  cy.get('#ap_password').click().type('test@1234');\n  cy.get('#ap_password_check').should('visible');\n  cy.get('#ap_password_check').click().type('test@1234');\n  cy.get('#continue').should('visible');\n  cy.get('#continue').click();\n});",
              "err": {},
              "uuid": "01c7a71b-695a-4fa0-83db-a2e3ea077e91",
              "parentUUID": "6579ecd4-804d-4dca-8167-7bbe34bdd2e0",
              "isHook": false,
              "skipped": false
            },
            {
              "title": "Check gift card balance is $0.00",
              "fullTitle": "Amazon Tests - SignUp & GiftCard balance check Check gift card balance is $0.00",
              "timedOut": null,
              "duration": 12989,
              "state": "passed",
              "speed": "slow",
              "pass": true,
              "fail": false,
              "pending": false,
              "context": null,
              "code": "//Navigate to login page\ncy.get('#nav-link-accountList').click();\ncy.log('Login'); //Enter email\ncy.get('#ap_email').should('visible');\ncy.get(\"#ap_email\").type(\"testmaileve@gmail.com\");\ncy.get('#continue').click(); //Enter password and login\ncy.get('#ap_password').should('visible');\ncy.get(\"#ap_password\").type(\"test@1234\");\ncy.get('#signInSubmit').click();\ncy.log('Verifying gift card balance'); //Navigate to account options\ncy.get('#nav-link-accountList').should('visible');\ncy.get('#nav-link-accountList').click(); //Navigate to gift card page\ncy.xpath('//*[@data-card-identifier=\"GiftCards\"]').should('visible');\ncy.xpath('//*[@data-card-identifier=\"GiftCards\"]').click(); //Verify gift card balance\ncy.get('#gc-ui-balance-gc-balance-value').should('visible');\ncy.get('#gc-ui-balance-gc-balance-value').should('contain', '$0.00');",
              "err": {},
              "uuid": "19bea15e-12d3-438b-96e8-39bc9d315774",
              "parentUUID": "6579ecd4-804d-4dca-8167-7bbe34bdd2e0",
              "isHook": false,
              "skipped": false
            }
          ],
          "suites": [],
          "passes": [
            "01c7a71b-695a-4fa0-83db-a2e3ea077e91",
            "19bea15e-12d3-438b-96e8-39bc9d315774"
          ],
          "failures": [],
          "pending": [],
          "skipped": [],
          "duration": 20540,
          "root": false,
          "rootEmpty": false,
          "_timeout": 2000
        }
      ],
      "passes": [],
      "failures": [],
      "pending": [],
      "skipped": [],
      "duration": 0,
      "root": true,
      "rootEmpty": true,
      "_timeout": 2000
    }
  ],
  "meta": {
    "mocha": {
      "version": "7.2.0"
    },
    "mochawesome": {
      "options": {
        "quiet": false,
        "reportFilename": "mochawesome",
        "saveHtml": false,
        "saveJson": true,
        "consoleReporter": "spec",
        "useInlineDiffs": false,
        "code": true
      },
      "version": "6.2.1"
    },
    "marge": {
      "options": {
        "reportDir": "cypress/results/json",
        "overwrite": false,
        "html": false,
        "json": true
      },
      "version": "5.1.0"
    }
  }
}