{
  "stats": {
    "suites": 1,
    "tests": 1,
    "passes": 1,
    "pending": 0,
    "failures": 0,
    "start": "2020-11-17T09:22:29.151Z",
    "end": "2020-11-17T09:22:42.551Z",
    "duration": 13400,
    "testsRegistered": 1,
    "passPercent": 100,
    "pendingPercent": 0,
    "other": 0,
    "hasOther": false,
    "skipped": 0,
    "hasSkipped": false
  },
  "results": [
    {
      "uuid": "1abfebab-6978-4233-b6c0-8dda834b4c1f",
      "title": "",
      "fullFile": "cypress/integration/specs/aedcurrency.test.spec.js",
      "file": "cypress/integration/specs/aedcurrency.test.spec.js",
      "beforeHooks": [],
      "afterHooks": [],
      "tests": [],
      "suites": [
        {
          "uuid": "6cbd27a8-cb4d-4a60-8064-82ba52733323",
          "title": "Amazon Tests - Currency",
          "fullFile": "",
          "file": "",
          "beforeHooks": [],
          "afterHooks": [],
          "tests": [
            {
              "title": "Check the selected currency AED displayed for the product price",
              "fullTitle": "Amazon Tests - Currency Check the selected currency AED displayed for the product price",
              "timedOut": null,
              "duration": 13147,
              "state": "passed",
              "speed": "slow",
              "pass": true,
              "fail": false,
              "pending": false,
              "context": null,
              "code": "cy.log('Verifying product price is in AED'); //Navigate to currency selection page\ncy.get('#icp-nav-flyout').should('visible');\ncy.get('#icp-nav-flyout').click();\ncy.get('#icp-sc-heading').should('visible');\ncy.get('#a-autoid-0-announce').click(); //Select AED as currency\ncy.xpath('(//a[contains(text(),\"AED\")])[1]').should('visible');\ncy.xpath('(//a[contains(text(),\"AED\")])[1]').click();\ncy.get('#icp-btn-save').click(); //Navigate to products page\ncy.get('#nav-hamburger-menu').should('visible');\ncy.get('#nav-hamburger-menu').click();\ncy.xpath('//*[text()=\"Electronics\"]').should('visible');\ncy.xpath('//a[@data-menu-id=\"5\"]').click();\ncy.xpath('//*[text()=\"Headphones\"]').should('visible');\ncy.xpath('//*[text()=\"Headphones\"]').click(); //Verify AED for product price\ncy.get('span.a-price').each(function ($el) {\n  cy.wrap($el).should('visible');\n  cy.wrap($el).should('contain', 'AED');\n});",
              "err": {},
              "uuid": "1c0e35c8-72f9-4b1b-863e-069dd2fc283b",
              "parentUUID": "6cbd27a8-cb4d-4a60-8064-82ba52733323",
              "isHook": false,
              "skipped": false
            }
          ],
          "suites": [],
          "passes": [
            "1c0e35c8-72f9-4b1b-863e-069dd2fc283b"
          ],
          "failures": [],
          "pending": [],
          "skipped": [],
          "duration": 13147,
          "root": false,
          "rootEmpty": false,
          "_timeout": 2000
        }
      ],
      "passes": [],
      "failures": [],
      "pending": [],
      "skipped": [],
      "duration": 0,
      "root": true,
      "rootEmpty": true,
      "_timeout": 2000
    }
  ],
  "meta": {
    "mocha": {
      "version": "7.2.0"
    },
    "mochawesome": {
      "options": {
        "quiet": false,
        "reportFilename": "mochawesome",
        "saveHtml": false,
        "saveJson": true,
        "consoleReporter": "spec",
        "useInlineDiffs": false,
        "code": true
      },
      "version": "6.2.1"
    },
    "marge": {
      "options": {
        "reportDir": "cypress/results/json",
        "overwrite": false,
        "html": false,
        "json": true
      },
      "version": "5.1.0"
    }
  }
}