{
  "stats": {
    "suites": 1,
    "tests": 1,
    "passes": 1,
    "pending": 0,
    "failures": 0,
    "start": "2020-11-17T11:42:12.181Z",
    "end": "2020-11-17T11:42:23.344Z",
    "duration": 11163,
    "testsRegistered": 1,
    "passPercent": 100,
    "pendingPercent": 0,
    "other": 0,
    "hasOther": false,
    "skipped": 0,
    "hasSkipped": false
  },
  "results": [
    {
      "uuid": "7ce18258-4030-4243-be20-f939263fc921",
      "title": "",
      "fullFile": "cypress/integration/specs/allproducts.test.spec.js",
      "file": "cypress/integration/specs/allproducts.test.spec.js",
      "beforeHooks": [],
      "afterHooks": [],
      "tests": [],
      "suites": [
        {
          "uuid": "d8ec2bfe-d1b0-40a3-ad04-f1dd9d4f4188",
          "title": "Amazon Tests - Products",
          "fullFile": "",
          "file": "",
          "beforeHooks": [],
          "afterHooks": [],
          "tests": [
            {
              "title": "Check the total displayed number of results for category Smart Home | Televisions",
              "fullTitle": "Amazon Tests - Products Check the total displayed number of results for category Smart Home | Televisions",
              "timedOut": null,
              "duration": 11036,
              "state": "passed",
              "speed": "slow",
              "pass": true,
              "fail": false,
              "pending": false,
              "context": null,
              "code": "cy.log('Verifying total number of smart televisions'); //Navigate to products page\ncy.get('#nav-hamburger-menu').should('visible');\ncy.get('#nav-hamburger-menu').click();\ncy.xpath('//*[text()=\"Smart Home\"]').should('visible');\ncy.xpath('//a[@data-menu-id=\"7\"]').click();\ncy.xpath('//*[text()=\"Televisions\"]').should('visible');\ncy.xpath('//*[text()=\"Televisions\"]').click(); //Verify total number of count and products displayed is same\ncy.get('#s-result-count').then(function ($result) {\n  var totalProductCount = 59;\n  var totalPageCount = 0;\n  var totalCount = parseInt($result.text().split(\" \")[2]);\n  cy.log(totalCount);\n  cy.get('#mainResults ul li').its('length').then(function ($size) {\n    // totalProductCount = totalProductCount + $size\n    //cy.log(totalProductCount)\n    totalPageCount = parseInt(totalCount / totalProductCount);\n    cy.log(totalPageCount);\n    cy.get('#pagnNextString', {\n      timeout: 30000\n    }).click();\n    var genArr = Array.from({\n      length: totalPageCount\n    }, function (v, k) {\n      return k + 1;\n    });\n    cy.wrap(genArr).each(function (index) {\n      cy.xpath('//div[contains(@class,\"s-main-slot s-result-list\")]//span[@class=\"a-size-base\"]', {\n        timeout: 30000\n      }).its('length').then(function ($size) {\n        totalProductCount = totalProductCount + $size;\n        cy.log(totalProductCount);\n      });\n      cy.get('li.a-last', {\n        timeout: 30000\n      }).click();\n      cy.get('li.a-last').then(function ($btn) {\n        if ($btn.hasClass('a-disabled')) {\n          expect(totalCount).to.equal(totalProductCount);\n        } else {\n          $btn.click();\n        }\n      });\n    });\n  });\n});",
              "err": {},
              "uuid": "7780ecb9-fd37-47b0-9298-004b3befd667",
              "parentUUID": "d8ec2bfe-d1b0-40a3-ad04-f1dd9d4f4188",
              "isHook": false,
              "skipped": false
            }
          ],
          "suites": [],
          "passes": [
            "7780ecb9-fd37-47b0-9298-004b3befd667"
          ],
          "failures": [],
          "pending": [],
          "skipped": [],
          "duration": 11036,
          "root": false,
          "rootEmpty": false,
          "_timeout": 2000
        }
      ],
      "passes": [],
      "failures": [],
      "pending": [],
      "skipped": [],
      "duration": 0,
      "root": true,
      "rootEmpty": true,
      "_timeout": 2000
    }
  ],
  "meta": {
    "mocha": {
      "version": "7.2.0"
    },
    "mochawesome": {
      "options": {
        "quiet": false,
        "reportFilename": "mochawesome",
        "saveHtml": false,
        "saveJson": true,
        "consoleReporter": "spec",
        "useInlineDiffs": false,
        "code": true
      },
      "version": "6.2.1"
    },
    "marge": {
      "options": {
        "reportDir": "cypress/results/json",
        "overwrite": false,
        "html": false,
        "json": true
      },
      "version": "5.1.0"
    }
  }
}